Last login: Sun Jun 30 18:32:28 on ttys006
❯ # Basic Unix Commands 11: Practical Exercises
❯ # We were talking about three plants: apple, pear, peach
❯ # for each species, we have three types of files
❯ # Question 1: How many chromosomes are there in the genome?
❯ cd /Users/arshmeetkaur/Genomic_Data_Science/command_line_tools/Plants
❯ cd apple
❯ # we can get the number of chromosomes in the genome using grep to find ">"
❯ more apple.genome | grep -c ">"
5
❯ # answer: 5 chromosomes
❯ # to show all the chromosmes, we can print all header lines.
❯ more apple.genome | grep ">"
>chr1
>chr2
>chr3
>chr4
>chr5
❯ 
❯ 
❯ # Question 2: How many genes are there in the apple species? How many variants of each gene?
❯ 
❯ more apple.genes # lists all genes in c1 and variants in c2
Smell   Smell-1 chr1    100     1000    +       (100-150,400-500,900-1000)
Smell   Smell-2 chr1    100     1000    +       (100-150,900-1000)
Size    Size-1  chr1    1500    2000    +       (1500-1750,1800-1850,   1900-2000)
Size    Size-2  chr1    1500    2000    +       (1500-2000)
Color   Color-1 chr2    3400    4200    -       (3400-3600,4000-4200)
Color   Color-2 chr2    3400    4200    -       (3400-3550,3800-3900,4000-4200)
Color   Color-3 chr2    3400    4200    -       (3400-3600,3800-3900,4100-4200)
appl4   appl4-1 chr3    50      800     +       (50-400,700-80)
appl5   appl5-1 chr3    1100    1500    +       (1100-1200,1450-1500)
Taste   Taste-1 chr3    2000    2600    -       (2000-2300,2500-2600)
Taste   Taste-2 chr3    2000    2600    -       (2000-2050,2200-2300,2500-2600)
Shape   Shape-1 chr4    3100    3700    -       (3100-3500,3600-3700)
Shape   Shape-2 chr4    3100    3700    -       (3100-3200,3400-3500,3600-3700)
appl8   appl8-1 chr4    4500    4800    +       (4500-4800)
appl9   appl9-1 chr5    200     1000    -       (200-450,550-650,800-1000)
appl10  appl10-1        chr5    1100    1700    +       (1100-1400,1500-1700)
❯ 
❯ cut -f1 apple.genes # cut column that contains gene names
Smell
Smell
Size
Size
Color
Color
Color
appl4
appl5
Taste
Taste
Shape
Shape
appl8
appl9
appl10
❯ 
❯ cut -f1 apple.genes | uniq -c
   2 Smell
   2 Size
   3 Color
   1 appl4
   1 appl5
   2 Taste
   2 Shape
   1 appl8
   1 appl9
   1 appl10
❯ # ^^ Returned a list of unique genes with the count of their variants
❯ cut -f1 apple.genes | uniq -c | wc -l # count the number of unique genes
      10
❯ cut -f1 apple.genes | sort -u # get one line for each set of sequential lines with the same content
Color
Shape
Size
Smell
Taste
appl10
appl4
appl5
appl8
appl9
❯ # Question 2a: How many variants for each gene in the apple?
❯ cut -f2 apple.genes | sort -u | wc -l # extract distinct variants, count them 
      16
❯ cut -f2 apple.genes | sort -u # each unique variant
Color-1
Color-2
Color-3
Shape-1
Shape-2
Size-1
Size-2
Smell-1
Smell-2
Taste-1
Taste-2
appl10-1
appl4-1
appl5-1
appl8-1
appl9-1
❯ 
❯ # Question 2b: how many genes have one variant and more than one variant
❯ cut -f1,2 apple.genes | more
Smell   Smell-1
Smell   Smell-2
Size    Size-1
Size    Size-2
Color   Color-1
Color   Color-2
Color   Color-3
appl4   appl4-1
appl5   appl5-1
Taste   Taste-1
Taste   Taste-2
Shape   Shape-1
Shape   Shape-2
appl8   appl8-1
appl9   appl9-1
appl10  appl10-1
❯ cut -f1 | uniq -c

| more



cat
exit
^C
❯ cut -f1 | uniq -c | more

❯ cut -f1 apple.genes | uniq -c | more
   2 Smell
   2 Size
   3 Color
   1 appl4
   1 appl5
   2 Taste
   2 Shape
   1 appl8
   1 appl9
   1 appl10
❯ cut -f1 apple.genes | uniq -c | more | grep "1"
   1 appl4
   1 appl5
   1 appl8
   1 appl9
   1 appl10
❯ cut -f1 apple.genes | uniq -c > singles | cut -f1 singles | more
❯ cut -f1 apple.genes | uniq -c | more | grep " 1"
   1 appl4
   1 appl5
   1 appl8
   1 appl9
   1 appl10
❯ cut -f1 apple.genes | uniq -c | more | grep -c  " 1" # returns the number of genes with one variant
5
❯ cut -f1 apple.genes | uniq -c | grep -v " 1 " # grep tells it to ignore anything with 1
   2 Smell
   2 Size
   3 Color
   2 Taste
   2 Shape
❯ cut -f1 apple.genes | uniq -c | grep -v " 1 " # grep tells it to ignore anything with 1
   2 Smell
   2 Size
   3 Color
   2 Taste
   2 Shape
❯ cut -f1 apple.genes | uniq -c | grep -v " 1 "| wc -l  # grep tells it to ignore anything with 1
       5
❯ cut -f1 apple.genes | sort -u
Color
Shape
Size
Smell
Taste
appl10
appl4
appl5
appl8
appl9

~/Genomic_Data_Science/com/P/apple on main !2 ?2 ❯              at 01:07:50 PM
